android/app/build/intermediates/manifest_merge_blame_file/debug/processDebugMainManifest/manifest-merger-blame-debug-report.txt
1<?xml version="1.0" encoding="utf-8"?>
2<manifest xmlns:android="http://schemas.android.com/apk/res/android"
3    package="com.och.app"
4    android:versionCode="1"
5    android:versionName="1.0" >
6
7    <uses-sdk
8        android:minSdkVersion="24"
9        android:targetSdkVersion="36" />
10    <!-- Permissões de Notificação -->
11    <uses-permission android:name="android.permission.INTERNET" />
11-->src\main\AndroidManifest.xml:4:5-67
11-->src\main\AndroidManifest.xml:4:22-64
12    <uses-permission android:name="android.permission.POST_NOTIFICATIONS" />
12-->src\main\AndroidManifest.xml:5:5-77
12-->src\main\AndroidManifest.xml:5:22-74
13    <uses-permission android:name="android.permission.VIBRATE" />
13-->src\main\AndroidManifest.xml:6:5-66
13-->src\main\AndroidManifest.xml:6:22-63
14    <uses-permission android:name="android.permission.RECEIVE_BOOT_COMPLETED" />
14-->src\main\AndroidManifest.xml:7:5-81
14-->src\main\AndroidManifest.xml:7:22-78
15
16    <queries>
16-->[:capacitor-browser] AndroidManifest.xml:7:5-11:15
17        <intent>
17-->[:capacitor-browser] AndroidManifest.xml:8:9-10:18
18            <action android:name="android.support.customtabs.action.CustomTabsService" />
18-->[:capacitor-browser] AndroidManifest.xml:9:13-90
18-->[:capacitor-browser] AndroidManifest.xml:9:21-87
19        </intent>
20    </queries>
21
22    <uses-permission android:name="android.permission.WAKE_LOCK" />
22-->[:capacitor-local-notifications] AndroidManifest.xml:8:5-68
22-->[:capacitor-local-notifications] AndroidManifest.xml:8:22-65
23    <uses-permission android:name="android.permission.ACCESS_NETWORK_STATE" /> <!-- Required by older versions of Google Play services to create IID tokens -->
23-->[com.google.firebase:firebase-messaging:25.1.1] AndroidManifest.xml:22:5-79
23-->[com.google.firebase:firebase-messaging:25.1.1] AndroidManifest.xml:22:22-76
24    <uses-permission android:name="com.google.android.c2dm.permission.RECEIVE" />
24-->[com.google.firebase:firebase-messaging:25.1.1] AndroidManifest.xml:26:5-82
24-->[com.google.firebase:firebase-messaging:25.1.1] AndroidManifest.xml:26:22-79
25    <uses-permission android:name="com.google.android.finsky.permission.BIND_GET_INSTALL_REFERRER_SERVICE" />
25-->[com.google.android.gms:play-services-measurement:23.2.0] AndroidManifest.xml:26:5-110
25-->[com.google.android.gms:play-services-measurement:23.2.0] AndroidManifest.xml:26:22-107
26    <uses-permission android:name="com.google.android.gms.permission.AD_ID" />
26-->[com.google.android.gms:play-services-measurement-impl:23.2.0] AndroidManifest.xml:27:5-79
26-->[com.google.android.gms:play-services-measurement-impl:23.2.0] AndroidManifest.xml:27:22-76
27    <uses-permission android:name="android.permission.ACCESS_ADSERVICES_ATTRIBUTION" />
27-->[com.google.android.gms:play-services-measurement-api:23.2.0] AndroidManifest.xml:26:5-88
27-->[com.google.android.gms:play-services-measurement-api:23.2.0] AndroidManifest.xml:26:22-85
28    <uses-permission android:name="android.permission.ACCESS_ADSERVICES_AD_ID" />
28-->[com.google.android.gms:play-services-measurement-api:23.2.0] AndroidManifest.xml:27:5-82
28-->[com.google.android.gms:play-services-measurement-api:23.2.0] AndroidManifest.xml:27:22-79
29
30    <permission
30-->[androidx.core:core:1.17.0] AndroidManifest.xml:22:5-24:47
31        android:name="com.och.app.DYNAMIC_RECEIVER_NOT_EXPORTED_PERMISSION"
31-->[androidx.core:core:1.17.0] AndroidManifest.xml:23:9-81
32        android:protectionLevel="signature" />
32-->[androidx.core:core:1.17.0] AndroidManifest.xml:24:9-44
33
34    <uses-permission android:name="com.och.app.DYNAMIC_RECEIVER_NOT_EXPORTED_PERMISSION" />
34-->[androidx.core:core:1.17.0] AndroidManifest.xml:26:5-97
34-->[androidx.core:core:1.17.0] AndroidManifest.xml:26:22-94
35
36    <application
36-->src\main\AndroidManifest.xml:9:5-44:19
37        android:allowBackup="true"
37-->src\main\AndroidManifest.xml:10:9-35
38        android:appComponentFactory="androidx.core.app.CoreComponentFactory"
38-->[androidx.core:core:1.17.0] AndroidManifest.xml:28:18-86
39        android:debuggable="true"
40        android:extractNativeLibs="false"
41        android:icon="@mipmap/ic_launcher"
41-->src\main\AndroidManifest.xml:11:9-43
42        android:label="@string/app_name"
42-->src\main\AndroidManifest.xml:12:9-41
43        android:roundIcon="@mipmap/ic_launcher_round"
43-->src\main\AndroidManifest.xml:13:9-54
44        android:supportsRtl="true"
44-->src\main\AndroidManifest.xml:14:9-35
45        android:theme="@style/AppTheme" >
45-->src\main\AndroidManifest.xml:15:9-40
46        <activity
46-->src\main\AndroidManifest.xml:16:9-35:20
47            android:name="com.och.app.MainActivity"
47-->src\main\AndroidManifest.xml:18:13-41
48            android:configChanges="orientation|keyboardHidden|keyboard|screenSize|locale|smallestScreenSize|screenLayout|uiMode|navigation|density"
48-->src\main\AndroidManifest.xml:17:13-148
49            android:exported="true"
49-->src\main\AndroidManifest.xml:22:13-36
50            android:label="@string/title_activity_main"
50-->src\main\AndroidManifest.xml:19:13-56
51            android:launchMode="singleTask"
51-->src\main\AndroidManifest.xml:21:13-44
52            android:theme="@style/AppTheme.NoActionBarLaunch" >
52-->src\main\AndroidManifest.xml:20:13-62
53            <intent-filter>
53-->src\main\AndroidManifest.xml:23:13-26:29
54                <action android:name="android.intent.action.MAIN" />
54-->src\main\AndroidManifest.xml:24:17-69
54-->src\main\AndroidManifest.xml:24:25-66
55
56                <category android:name="android.intent.category.LAUNCHER" />
56-->src\main\AndroidManifest.xml:25:17-77
56-->src\main\AndroidManifest.xml:25:27-74
57            </intent-filter>
58            <intent-filter>
58-->src\main\AndroidManifest.xml:28:13-33:29
59                <action android:name="android.intent.action.VIEW" />
59-->src\main\AndroidManifest.xml:29:17-69
59-->src\main\AndroidManifest.xml:29:25-66
60
61                <category android:name="android.intent.category.DEFAULT" />
61-->src\main\AndroidManifest.xml:30:17-76
61-->src\main\AndroidManifest.xml:30:27-73
62                <category android:name="android.intent.category.BROWSABLE" />
62-->src\main\AndroidManifest.xml:31:17-78
62-->src\main\AndroidManifest.xml:31:27-75
63
64                <data
64-->src\main\AndroidManifest.xml:32:17-78
65                    android:host="callback"
65-->src\main\AndroidManifest.xml:32:52-75
66                    android:scheme="com.och.app" />
66-->src\main\AndroidManifest.xml:32:23-51
67            </intent-filter>
68        </activity>
69
70        <provider
71            android:name="androidx.core.content.FileProvider"
71-->src\main\AndroidManifest.xml:38:13-62
72            android:authorities="com.och.app.fileprovider"
72-->src\main\AndroidManifest.xml:39:13-64
73            android:exported="false"
73-->src\main\AndroidManifest.xml:40:13-37
74            android:grantUriPermissions="true" >
74-->src\main\AndroidManifest.xml:41:13-47
75            <meta-data
75-->src\main\AndroidManifest.xml:42:13-112
76                android:name="android.support.FILE_PROVIDER_PATHS"
76-->src\main\AndroidManifest.xml:42:24-74
77                android:resource="@xml/file_paths" />
77-->src\main\AndroidManifest.xml:42:75-109
78        </provider>
79
80        <activity
80-->[:capacitor-browser] AndroidManifest.xml:14:9-18:75
81            android:name="com.capacitorjs.plugins.browser.BrowserControllerActivity"
81-->[:capacitor-browser] AndroidManifest.xml:15:13-85
82            android:exported="false"
82-->[:capacitor-browser] AndroidManifest.xml:16:13-37
83            android:launchMode="singleTask"
83-->[:capacitor-browser] AndroidManifest.xml:17:13-44
84            android:theme="@android:style/Theme.Translucent.NoTitleBar" />
84-->[:capacitor-browser] AndroidManifest.xml:18:13-72
85
86        <receiver android:name="com.capacitorjs.plugins.localnotifications.TimedNotificationPublisher" />
86-->[:capacitor-local-notifications] AndroidManifest.xml:12:9-106
86-->[:capacitor-local-notifications] AndroidManifest.xml:12:19-103
87        <receiver android:name="com.capacitorjs.plugins.localnotifications.NotificationDismissReceiver" />
87-->[:capacitor-local-notifications] AndroidManifest.xml:13:9-107
87-->[:capacitor-local-notifications] AndroidManifest.xml:13:19-104
88        <receiver
88-->[:capacitor-local-notifications] AndroidManifest.xml:14:9-23:20
89            android:name="com.capacitorjs.plugins.localnotifications.LocalNotificationRestoreReceiver"
89-->[:capacitor-local-notifications] AndroidManifest.xml:15:13-103
90            android:directBootAware="true"
90-->[:capacitor-local-notifications] AndroidManifest.xml:16:13-43
91            android:exported="false" >
91-->[:capacitor-local-notifications] AndroidManifest.xml:17:13-37
92            <intent-filter>
92-->[:capacitor-local-notifications] AndroidManifest.xml:18:13-22:29
93                <action android:name="android.intent.action.LOCKED_BOOT_COMPLETED" />
93-->[:capacitor-local-notifications] AndroidManifest.xml:19:17-86
93-->[:capacitor-local-notifications] AndroidManifest.xml:19:25-83
94                <action android:name="android.intent.action.BOOT_COMPLETED" />
94-->[:capacitor-local-notifications] AndroidManifest.xml:20:17-79
94-->[:capacitor-local-notifications] AndroidManifest.xml:20:25-76
95                <action android:name="android.intent.action.QUICKBOOT_POWERON" />
95-->[:capacitor-local-notifications] AndroidManifest.xml:21:17-82
95-->[:capacitor-local-notifications] AndroidManifest.xml:21:25-79
96            </intent-filter>
97        </receiver>
98
99        <service
99-->[:capacitor-push-notifications] AndroidManifest.xml:8:9-14:19
100            android:name="com.capacitorjs.plugins.pushnotifications.MessagingService"
100-->[:capacitor-push-notifications] AndroidManifest.xml:9:13-86
101            android:exported="false" >
101-->[:capacitor-push-notifications] AndroidManifest.xml:10:13-37
102            <intent-filter>
102-->[:capacitor-push-notifications] AndroidManifest.xml:11:13-13:29
103                <action android:name="com.google.firebase.MESSAGING_EVENT" />
103-->[:capacitor-push-notifications] AndroidManifest.xml:12:17-78
103-->[:capacitor-push-notifications] AndroidManifest.xml:12:25-75
104            </intent-filter>
105        </service>
106
107        <receiver
107-->[com.google.firebase:firebase-messaging:25.1.1] AndroidManifest.xml:29:9-40:20
108            android:name="com.google.firebase.iid.FirebaseInstanceIdReceiver"
108-->[com.google.firebase:firebase-messaging:25.1.1] AndroidManifest.xml:30:13-78
109            android:exported="true"
109-->[com.google.firebase:firebase-messaging:25.1.1] AndroidManifest.xml:31:13-36
110            android:permission="com.google.android.c2dm.permission.SEND" >
110-->[com.google.firebase:firebase-messaging:25.1.1] AndroidManifest.xml:32:13-73
111            <intent-filter>
111-->[com.google.firebase:firebase-messaging:25.1.1] AndroidManifest.xml:33:13-35:29
112                <action android:name="com.google.android.c2dm.intent.RECEIVE" />
112-->[com.google.firebase:firebase-messaging:25.1.1] AndroidManifest.xml:34:17-81
112-->[com.google.firebase:firebase-messaging:25.1.1] AndroidManifest.xml:34:25-78
113            </intent-filter>
114
115            <meta-data
115-->[com.google.firebase:firebase-messaging:25.1.1] AndroidManifest.xml:37:13-39:40
116                android:name="com.google.android.gms.cloudmessaging.FINISHED_AFTER_HANDLED"
116-->[com.google.firebase:firebase-messaging:25.1.1] AndroidManifest.xml:38:17-92
117                android:value="true" />
117-->[com.google.firebase:firebase-messaging:25.1.1] AndroidManifest.xml:39:17-37
118        </receiver>
119        <!--
120             FirebaseMessagingService performs security checks at runtime,
121             but set to not exported to explicitly avoid allowing another app to call it.
122        -->
123        <service
123-->[com.google.firebase:firebase-messaging:25.1.1] AndroidManifest.xml:46:9-53:19
124            android:name="com.google.firebase.messaging.FirebaseMessagingService"
124-->[com.google.firebase:firebase-messaging:25.1.1] AndroidManifest.xml:47:13-82
125            android:directBootAware="true"
125-->[com.google.firebase:firebase-messaging:25.1.1] AndroidManifest.xml:48:13-43
126            android:exported="false" >
126-->[com.google.firebase:firebase-messaging:25.1.1] AndroidManifest.xml:49:13-37
127            <intent-filter android:priority="-500" >
127-->[:capacitor-push-notifications] AndroidManifest.xml:11:13-13:29
128                <action android:name="com.google.firebase.MESSAGING_EVENT" />
128-->[:capacitor-push-notifications] AndroidManifest.xml:12:17-78
128-->[:capacitor-push-notifications] AndroidManifest.xml:12:25-75
129            </intent-filter>
130        </service>
131        <service
131-->[com.google.firebase:firebase-messaging:25.1.1] AndroidManifest.xml:54:9-63:19
132            android:name="com.google.firebase.components.ComponentDiscoveryService"
132-->[com.google.firebase:firebase-messaging:25.1.1] AndroidManifest.xml:55:13-84
133            android:directBootAware="true"
133-->[com.google.firebase:firebase-common:22.1.0] AndroidManifest.xml:32:13-43
134            android:exported="false" >
134-->[com.google.firebase:firebase-messaging:25.1.1] AndroidManifest.xml:56:13-37
135            <meta-data
135-->[com.google.firebase:firebase-messaging:25.1.1] AndroidManifest.xml:57:13-59:85
136                android:name="com.google.firebase.components:com.google.firebase.messaging.FirebaseMessagingKtxRegistrar"
136-->[com.google.firebase:firebase-messaging:25.1.1] AndroidManifest.xml:58:17-122
137                android:value="com.google.firebase.components.ComponentRegistrar" />
137-->[com.google.firebase:firebase-messaging:25.1.1] AndroidManifest.xml:59:17-82
138            <meta-data
138-->[com.google.firebase:firebase-messaging:25.1.1] AndroidManifest.xml:60:13-62:85
139                android:name="com.google.firebase.components:com.google.firebase.messaging.FirebaseMessagingRegistrar"
139-->[com.google.firebase:firebase-messaging:25.1.1] AndroidManifest.xml:61:17-119
140                android:value="com.google.firebase.components.ComponentRegistrar" />
140-->[com.google.firebase:firebase-messaging:25.1.1] AndroidManifest.xml:62:17-82
141            <meta-data
141-->[com.google.android.gms:play-services-measurement-api:23.2.0] AndroidManifest.xml:33:13-35:85
142                android:name="com.google.firebase.components:com.google.firebase.analytics.connector.internal.AnalyticsConnectorRegistrar"
142-->[com.google.android.gms:play-services-measurement-api:23.2.0] AndroidManifest.xml:34:17-139
143                android:value="com.google.firebase.components.ComponentRegistrar" />
143-->[com.google.android.gms:play-services-measurement-api:23.2.0] AndroidManifest.xml:35:17-82
144            <meta-data
144-->[com.google.firebase:firebase-installations:19.1.2] AndroidManifest.xml:15:13-17:85
145                android:name="com.google.firebase.components:com.google.firebase.installations.FirebaseInstallationsKtxRegistrar"
145-->[com.google.firebase:firebase-installations:19.1.2] AndroidManifest.xml:16:17-130
146                android:value="com.google.firebase.components.ComponentRegistrar" />
146-->[com.google.firebase:firebase-installations:19.1.2] AndroidManifest.xml:17:17-82
147            <meta-data
147-->[com.google.firebase:firebase-installations:19.1.2] AndroidManifest.xml:18:13-20:85
148                android:name="com.google.firebase.components:com.google.firebase.installations.FirebaseInstallationsRegistrar"
148-->[com.google.firebase:firebase-installations:19.1.2] AndroidManifest.xml:19:17-127
149                android:value="com.google.firebase.components.ComponentRegistrar" />
149-->[com.google.firebase:firebase-installations:19.1.2] AndroidManifest.xml:20:17-82
150            <meta-data
150-->[com.google.firebase:firebase-common:22.1.0] AndroidManifest.xml:35:13-37:85
151                android:name="com.google.firebase.components:com.google.firebase.FirebaseCommonKtxRegistrar"
151-->[com.google.firebase:firebase-common:22.1.0] AndroidManifest.xml:36:17-109
152                android:value="com.google.firebase.components.ComponentRegistrar" />
152-->[com.google.firebase:firebase-common:22.1.0] AndroidManifest.xml:37:17-82
153            <meta-data
153-->[com.google.firebase:firebase-datatransport:18.2.0] AndroidManifest.xml:25:13-27:85
154                android:name="com.google.firebase.components:com.google.firebase.datatransport.TransportRegistrar"
154-->[com.google.firebase:firebase-datatransport:18.2.0] AndroidManifest.xml:26:17-115
155                android:value="com.google.firebase.components.ComponentRegistrar" />
155-->[com.google.firebase:firebase-datatransport:18.2.0] AndroidManifest.xml:27:17-82
156        </service>
157
158        <receiver
158-->[com.google.android.gms:play-services-measurement:23.2.0] AndroidManifest.xml:29:9-33:20
159            android:name="com.google.android.gms.measurement.AppMeasurementReceiver"
159-->[com.google.android.gms:play-services-measurement:23.2.0] AndroidManifest.xml:30:13-85
160            android:enabled="true"
160-->[com.google.android.gms:play-services-measurement:23.2.0] AndroidManifest.xml:31:13-35
161            android:exported="false" >
161-->[com.google.android.gms:play-services-measurement:23.2.0] AndroidManifest.xml:32:13-37
162        </receiver>
163
164        <service
164-->[com.google.android.gms:play-services-measurement:23.2.0] AndroidManifest.xml:35:9-38:40
165            android:name="com.google.android.gms.measurement.AppMeasurementService"
165-->[com.google.android.gms:play-services-measurement:23.2.0] AndroidManifest.xml:36:13-84
166            android:enabled="true"
166-->[com.google.android.gms:play-services-measurement:23.2.0] AndroidManifest.xml:37:13-35
167            android:exported="false" />
167-->[com.google.android.gms:play-services-measurement:23.2.0] AndroidManifest.xml:38:13-37
168        <service
168-->[com.google.android.gms:play-services-measurement:23.2.0] AndroidManifest.xml:39:9-43:72
169            android:name="com.google.android.gms.measurement.AppMeasurementJobService"
169-->[com.google.android.gms:play-services-measurement:23.2.0] AndroidManifest.xml:40:13-87
170            android:enabled="true"
170-->[com.google.android.gms:play-services-measurement:23.2.0] AndroidManifest.xml:41:13-35
171            android:exported="false"
171-->[com.google.android.gms:play-services-measurement:23.2.0] AndroidManifest.xml:42:13-37
172            android:permission="android.permission.BIND_JOB_SERVICE" />
172-->[com.google.android.gms:play-services-measurement:23.2.0] AndroidManifest.xml:43:13-69
173
174        <activity
174-->[com.google.android.gms:play-services-base:18.9.0] AndroidManifest.xml:20:9-22:45
175            android:name="com.google.android.gms.common.api.GoogleApiActivity"
175-->[com.google.android.gms:play-services-base:18.9.0] AndroidManifest.xml:20:19-85
176            android:exported="false"
176-->[com.google.android.gms:play-services-base:18.9.0] AndroidManifest.xml:22:19-43
177            android:theme="@android:style/Theme.Translucent.NoTitleBar" />
177-->[com.google.android.gms:play-services-base:18.9.0] AndroidManifest.xml:21:19-78
178
179        <provider
179-->[com.google.firebase:firebase-common:22.1.0] AndroidManifest.xml:23:9-28:39
180            android:name="com.google.firebase.provider.FirebaseInitProvider"
180-->[com.google.firebase:firebase-common:22.1.0] AndroidManifest.xml:24:13-77
181            android:authorities="com.och.app.firebaseinitprovider"
181-->[com.google.firebase:firebase-common:22.1.0] AndroidManifest.xml:25:13-72
182            android:directBootAware="true"
182-->[com.google.firebase:firebase-common:22.1.0] AndroidManifest.xml:26:13-43
183            android:exported="false"
183-->[com.google.firebase:firebase-common:22.1.0] AndroidManifest.xml:27:13-37
184            android:initOrder="100" />
184-->[com.google.firebase:firebase-common:22.1.0] AndroidManifest.xml:28:13-36
185        <provider
185-->[androidx.emoji2:emoji2:1.3.0] AndroidManifest.xml:24:9-32:20
186            android:name="androidx.startup.InitializationProvider"
186-->[androidx.emoji2:emoji2:1.3.0] AndroidManifest.xml:25:13-67
187            android:authorities="com.och.app.androidx-startup"
187-->[androidx.emoji2:emoji2:1.3.0] AndroidManifest.xml:26:13-68
188            android:exported="false" >
188-->[androidx.emoji2:emoji2:1.3.0] AndroidManifest.xml:27:13-37
189            <meta-data
189-->[androidx.emoji2:emoji2:1.3.0] AndroidManifest.xml:29:13-31:52
190                android:name="androidx.emoji2.text.EmojiCompatInitializer"
190-->[androidx.emoji2:emoji2:1.3.0] AndroidManifest.xml:30:17-75
191                android:value="androidx.startup" />
191-->[androidx.emoji2:emoji2:1.3.0] AndroidManifest.xml:31:17-49
192            <meta-data
192-->[androidx.lifecycle:lifecycle-process:2.6.2] AndroidManifest.xml:29:13-31:52
193                android:name="androidx.lifecycle.ProcessLifecycleInitializer"
193-->[androidx.lifecycle:lifecycle-process:2.6.2] AndroidManifest.xml:30:17-78
194                android:value="androidx.startup" />
194-->[androidx.lifecycle:lifecycle-process:2.6.2] AndroidManifest.xml:31:17-49
195            <meta-data
195-->[androidx.profileinstaller:profileinstaller:1.4.0] AndroidManifest.xml:29:13-31:52
196                android:name="androidx.profileinstaller.ProfileInstallerInitializer"
196-->[androidx.profileinstaller:profileinstaller:1.4.0] AndroidManifest.xml:30:17-85
197                android:value="androidx.startup" />
197-->[androidx.profileinstaller:profileinstaller:1.4.0] AndroidManifest.xml:31:17-49
198        </provider>
199
200        <uses-library
200-->[androidx.privacysandbox.ads:ads-adservices:1.1.0-beta11] AndroidManifest.xml:23:9-25:40
201            android:name="android.ext.adservices"
201-->[androidx.privacysandbox.ads:ads-adservices:1.1.0-beta11] AndroidManifest.xml:24:13-50
202            android:required="false" />
202-->[androidx.privacysandbox.ads:ads-adservices:1.1.0-beta11] AndroidManifest.xml:25:13-37
203
204        <meta-data
204-->[com.google.android.gms:play-services-basement:18.9.0] AndroidManifest.xml:21:9-23:69
205            android:name="com.google.android.gms.version"
205-->[com.google.android.gms:play-services-basement:18.9.0] AndroidManifest.xml:22:13-58
206            android:value="@integer/google_play_services_version" />
206-->[com.google.android.gms:play-services-basement:18.9.0] AndroidManifest.xml:23:13-66
207
208        <receiver
208-->[androidx.profileinstaller:profileinstaller:1.4.0] AndroidManifest.xml:34:9-52:20
209            android:name="androidx.profileinstaller.ProfileInstallReceiver"
209-->[androidx.profileinstaller:profileinstaller:1.4.0] AndroidManifest.xml:35:13-76
210            android:directBootAware="false"
210-->[androidx.profileinstaller:profileinstaller:1.4.0] AndroidManifest.xml:36:13-44
211            android:enabled="true"
211-->[androidx.profileinstaller:profileinstaller:1.4.0] AndroidManifest.xml:37:13-35
212            android:exported="true"
212-->[androidx.profileinstaller:profileinstaller:1.4.0] AndroidManifest.xml:38:13-36
213            android:permission="android.permission.DUMP" >
213-->[androidx.profileinstaller:profileinstaller:1.4.0] AndroidManifest.xml:39:13-57
214            <intent-filter>
214-->[androidx.profileinstaller:profileinstaller:1.4.0] AndroidManifest.xml:40:13-42:29
215                <action android:name="androidx.profileinstaller.action.INSTALL_PROFILE" />
215-->[androidx.profileinstaller:profileinstaller:1.4.0] AndroidManifest.xml:41:17-91
215-->[androidx.profileinstaller:profileinstaller:1.4.0] AndroidManifest.xml:41:25-88
216            </intent-filter>
217            <intent-filter>
217-->[androidx.profileinstaller:profileinstaller:1.4.0] AndroidManifest.xml:43:13-45:29
218                <action android:name="androidx.profileinstaller.action.SKIP_FILE" />
218-->[androidx.profileinstaller:profileinstaller:1.4.0] AndroidManifest.xml:44:17-85
218-->[androidx.profileinstaller:profileinstaller:1.4.0] AndroidManifest.xml:44:25-82
219            </intent-filter>
220            <intent-filter>
220-->[androidx.profileinstaller:profileinstaller:1.4.0] AndroidManifest.xml:46:13-48:29
221                <action android:name="androidx.profileinstaller.action.SAVE_PROFILE" />
221-->[androidx.profileinstaller:profileinstaller:1.4.0] AndroidManifest.xml:47:17-88
221-->[androidx.profileinstaller:profileinstaller:1.4.0] AndroidManifest.xml:47:25-85
222            </intent-filter>
223            <intent-filter>
223-->[androidx.profileinstaller:profileinstaller:1.4.0] AndroidManifest.xml:49:13-51:29
224                <action android:name="androidx.profileinstaller.action.BENCHMARK_OPERATION" />
224-->[androidx.profileinstaller:profileinstaller:1.4.0] AndroidManifest.xml:50:17-95
224-->[androidx.profileinstaller:profileinstaller:1.4.0] AndroidManifest.xml:50:25-92
225            </intent-filter>
226        </receiver>
227
228        <service
228-->[com.google.android.datatransport:transport-backend-cct:3.1.9] AndroidManifest.xml:28:9-34:19
229            android:name="com.google.android.datatransport.runtime.backends.TransportBackendDiscovery"
229-->[com.google.android.datatransport:transport-backend-cct:3.1.9] AndroidManifest.xml:29:13-103
230            android:exported="false" >
230-->[com.google.android.datatransport:transport-backend-cct:3.1.9] AndroidManifest.xml:30:13-37
231            <meta-data
231-->[com.google.android.datatransport:transport-backend-cct:3.1.9] AndroidManifest.xml:31:13-33:39
232                android:name="backend:com.google.android.datatransport.cct.CctBackendFactory"
232-->[com.google.android.datatransport:transport-backend-cct:3.1.9] AndroidManifest.xml:32:17-94
233                android:value="cct" />
233-->[com.google.android.datatransport:transport-backend-cct:3.1.9] AndroidManifest.xml:33:17-36
234        </service>
235        <service
235-->[com.google.android.datatransport:transport-runtime:3.1.9] AndroidManifest.xml:26:9-30:19
236            android:name="com.google.android.datatransport.runtime.scheduling.jobscheduling.JobInfoSchedulerService"
236-->[com.google.android.datatransport:transport-runtime:3.1.9] AndroidManifest.xml:27:13-117
237            android:exported="false"
237-->[com.google.android.datatransport:transport-runtime:3.1.9] AndroidManifest.xml:28:13-37
238            android:permission="android.permission.BIND_JOB_SERVICE" >
238-->[com.google.android.datatransport:transport-runtime:3.1.9] AndroidManifest.xml:29:13-69
239        </service>
240
241        <receiver
241-->[com.google.android.datatransport:transport-runtime:3.1.9] AndroidManifest.xml:32:9-34:40
242            android:name="com.google.android.datatransport.runtime.scheduling.jobscheduling.AlarmManagerSchedulerBroadcastReceiver"
242-->[com.google.android.datatransport:transport-runtime:3.1.9] AndroidManifest.xml:33:13-132
243            android:exported="false" />
243-->[com.google.android.datatransport:transport-runtime:3.1.9] AndroidManifest.xml:34:13-37
244    </application>
245
246</manifest>